<?xml version="1.0" encoding="UTF-8"?>
<!-- Generated by org.testng.reporters.JUnitXMLReporter -->
<testsuite ignored="4" hostname="DESKTOP-NH3HAU6" failures="0" tests="2" name="Test" time="33.746" errors="0" timestamp="2022-09-15T05:55:47 GMT+05:30">
  <testcase classname="Base.Base_Class" name="@AfterMethod testmethod" time="-1.663201529668E9">
    <failure type="org.testng.TestNGException" message="
Can inject only one of &amp;lt;ITestContext, XmlTest, Method, Object[], ITestResult&amp;gt; into a @AfterMethod annotated testmethod.
For more information on native dependency injection please refer to https://testng.org/doc/documentation-main.html#native-dependency-injection">
      <![CDATA[org.testng.TestNGException: 
Can inject only one of <ITestContext, XmlTest, Method, Object[], ITestResult> into a @AfterMethod annotated testmethod.
For more information on native dependency injection please refer to https://testng.org/doc/documentation-main.html#native-dependency-injection
at java.base/java.util.ArrayList.forEach(ArrayList.java:1511)
... Removed 29 stack frames]]>
    </failure>
  </testcase> <!-- @AfterMethod testmethod -->
  <testcase classname="Base.Base_Class" name="@AfterMethod testmethod" time="-1.663201547232E9">
    <failure type="org.testng.TestNGException" message="
Can inject only one of &amp;lt;ITestContext, XmlTest, Method, Object[], ITestResult&amp;gt; into a @AfterMethod annotated testmethod.
For more information on native dependency injection please refer to https://testng.org/doc/documentation-main.html#native-dependency-injection">
      <![CDATA[org.testng.TestNGException: 
Can inject only one of <ITestContext, XmlTest, Method, Object[], ITestResult> into a @AfterMethod annotated testmethod.
For more information on native dependency injection please refer to https://testng.org/doc/documentation-main.html#native-dependency-injection
at java.base/java.util.ArrayList.forEach(ArrayList.java:1511)
... Removed 29 stack frames]]>
    </failure>
  </testcase> <!-- @AfterMethod testmethod -->
  <testcase classname="testCases.VerifyText_TC1" name="verifytext_method" time="3.713"/>
  <testcase classname="testCases.ProgressBar_TC2" name="progressbar_method" time="17.549"/>
  <testcase classname="Base.Base_Class" name="@AfterSuite tearDown" time="0.0">
    <ignored/>
  </testcase> <!-- @AfterSuite tearDown -->
  <testcase classname="Base.Base_Class" name="@BeforeSuite startTest" time="0.0">
    <ignored/>
  </testcase> <!-- @BeforeSuite startTest -->
  <testcase classname="Base.Base_Class" name="@BeforeTest driver_method_start" time="0.0">
    <ignored/>
  </testcase> <!-- @BeforeTest driver_method_start -->
  <testcase classname="Base.Base_Class" name="@AfterTest driver_method_close" time="0.0">
    <ignored/>
  </testcase> <!-- @AfterTest driver_method_close -->
</testsuite> <!-- Test -->
